#
# There is insufficient memory for the Java Runtime Environment to continue.
# Native memory allocation (mmap) failed to map 144703488 bytes for G1 virtual space
# Possible reasons:
#   The system is out of physical RAM or swap space
#   The process is running with CompressedOops enabled, and the Java Heap may be blocking the growth of the native heap
# Possible solutions:
#   Reduce memory load on the system
#   Increase physical memory or swap space
#   Check if swap backing store is full
#   Decrease Java heap size (-Xmx/-Xms)
#   Decrease number of Java threads
#   Decrease Java thread stack sizes (-Xss)
#   Set larger code cache with -XX:ReservedCodeCacheSize=
#   JVM is running with Unscaled Compressed Oops mode in which the Java heap is
#     placed in the first 4GB address space. The Java Heap base address is the
#     maximum limit for the native heap growth. Please use -XX:HeapBaseMinAddress
#     to set the Java Heap base and to place the Java Heap above 4GB virtual address.
# This output file may be truncated or incomplete.
#
#  Out of Memory Error (os_windows.cpp:3466), pid=5668, tid=7984
#
# JRE version: Java(TM) SE Runtime Environment (16.0.1+9) (build 16.0.1+9-24)
# Java VM: Java HotSpot(TM) 64-Bit Server VM (16.0.1+9-24, mixed mode, sharing, tiered, compressed oops, compressed class ptrs, g1 gc, windows-amd64)
# No core dump will be written. Minidumps are not enabled by default on client versions of Windows
#

---------------  S U M M A R Y ------------

Command Line: -ea -Didea.test.cyclic.buffer.size=1048576 -javaagent:C:\Program Files\JetBrains\IntelliJ IDEA 2021.1.2\lib\idea_rt.jar=2662:C:\Program Files\JetBrains\IntelliJ IDEA 2021.1.2\bin -Dfile.encoding=UTF-8 com.intellij.rt.junit.JUnitStarter -ideVersion5 -junit5 bookings.RoomControllerRestIT

Host: Intel(R) Pentium(R) CPU  N3530  @ 2.16GHz, 4 cores, 3G,  Windows 10 , 64 bit Build 19041 (10.0.19041.1023)
Time: Thu Aug  5 11:05:27 2021 Közép-európai nyári iduild 19041 (10.0.19041.1023) elapsed time: 47.474040 seconds (0d 0h 0m 47s)

---------------  T H R E A D  ---------------

Current thread (0x0000028c59079910):  VMThread "VM Thread" [stack: 0x0000009c4b800000,0x0000009c4b900000] [id=7984]

Stack: [0x0000009c4b800000,0x0000009c4b900000]
Native frames: (J=compiled Java code, j=interpreted, Vv=VM code, C=native code)
V  [jvm.dll+0x6687ca]
V  [jvm.dll+0x7ca3c9]
V  [jvm.dll+0x7cbb53]
V  [jvm.dll+0x7cc1b3]
V  [jvm.dll+0x242ea5]
V  [jvm.dll+0x665589]
V  [jvm.dll+0x65a175]
V  [jvm.dll+0x2fc5ab]
V  [jvm.dll+0x3037a6]
V  [jvm.dll+0x352fee]
V  [jvm.dll+0x35321f]
V  [jvm.dll+0x2d3618]
V  [jvm.dll+0x2d11a5]
V  [jvm.dll+0x2d07dc]
V  [jvm.dll+0x3158c2]
V  [jvm.dll+0x7d05eb]
V  [jvm.dll+0x7d12e4]
V  [jvm.dll+0x7d17e9]
V  [jvm.dll+0x7d1aa4]
V  [jvm.dll+0x7d1b70]
V  [jvm.dll+0x779b4a]
V  [jvm.dll+0x667666]
C  [ucrtbase.dll+0x21bb2]
C  [KERNEL32.DLL+0x17034]
C  [ntdll.dll+0x52651]

VM_Operation (0x0000009c4d9fc9d0): G1CollectForAllocation, mode: safepoint, requested by thread 0x0000028c77069980


---------------  P R O C E S S  ---------------

Threads class SMR info:
_java_thread_list=0x0000028c771cefb0, length=27, elements={
0x0000028c58fc69b0, 0x0000028c5907d560, 0x0000028c5907e420, 0x0000028c5908df30,
0x0000028c740a1f70, 0x0000028c740a4a90, 0x0000028c740a5490, 0x0000028c740a61c0,
0x0000028c740a8c10, 0x0000028c7412fb20, 0x0000028c7409c660, 0x0000028c74db6a60,
0x0000028c74db6f80, 0x0000028c7706a420, 0x0000028c77067450, 0x0000028c7706cea0,
0x0000028c7706a970, 0x0000028c770669b0, 0x0000028c75d7efa0, 0x0000028c77066f00,
0x0000028c7706b960, 0x0000028c7706d940, 0x0000028c7706b410, 0x0000028c770679a0,
0x0000028c77068440, 0x0000028c77068990, 0x0000028c77069980
}

Java Threads: ( => current thread )
  0x0000028c58fc69b0 JavaThread "main" [_thread_blocked, id=7356, stack(0x0000009c4b200000,0x0000009c4b300000)]
  0x0000028c5907d560 JavaThread "Reference Handler" daemon [_thread_blocked, id=3020, stack(0x0000009c4b900000,0x0000009c4ba00000)]
  0x0000028c5907e420 JavaThread "Finalizer" daemon [_thread_blocked, id=2920, stack(0x0000009c4ba00000,0x0000009c4bb00000)]
  0x0000028c5908df30 JavaThread "Signal Dispatcher" daemon [_thread_blocked, id=8736, stack(0x0000009c4bb00000,0x0000009c4bc00000)]
  0x0000028c740a1f70 JavaThread "Attach Listener" daemon [_thread_blocked, id=8588, stack(0x0000009c4bc00000,0x0000009c4bd00000)]
  0x0000028c740a4a90 JavaThread "Service Thread" daemon [_thread_blocked, id=8068, stack(0x0000009c4bd00000,0x0000009c4be00000)]
  0x0000028c740a5490 JavaThread "Monitor Deflation Thread" daemon [_thread_blocked, id=1464, stack(0x0000009c4be00000,0x0000009c4bf00000)]
  0x0000028c740a61c0 JavaThread "C2 CompilerThread0" daemon [_thread_blocked, id=1600, stack(0x0000009c4bf00000,0x0000009c4c000000)]
  0x0000028c740a8c10 JavaThread "C1 CompilerThread0" daemon [_thread_blocked, id=5152, stack(0x0000009c4c000000,0x0000009c4c100000)]
  0x0000028c7412fb20 JavaThread "Sweeper thread" daemon [_thread_blocked, id=4336, stack(0x0000009c4c100000,0x0000009c4c200000)]
  0x0000028c7409c660 JavaThread "Common-Cleaner" daemon [_thread_blocked, id=8816, stack(0x0000009c4c200000,0x0000009c4c300000)]
  0x0000028c74db6a60 JavaThread "Monitor Ctrl-Break" daemon [_thread_in_native, id=4936, stack(0x0000009c4c300000,0x0000009c4c400000)]
  0x0000028c74db6f80 JavaThread "Notification Thread" daemon [_thread_blocked, id=5660, stack(0x0000009c4c400000,0x0000009c4c500000)]
  0x0000028c7706a420 JavaThread "Catalina-utility-1" [_thread_blocked, id=7292, stack(0x0000009c4cb00000,0x0000009c4cc00000)]
  0x0000028c77067450 JavaThread "Catalina-utility-2" [_thread_blocked, id=6016, stack(0x0000009c4cc00000,0x0000009c4cd00000)]
  0x0000028c7706cea0 JavaThread "container-0" [_thread_blocked, id=6680, stack(0x0000009c4cd00000,0x0000009c4ce00000)]
  0x0000028c7706a970 JavaThread "mysql-cj-abandoned-connection-cleanup" daemon [_thread_blocked, id=6072, stack(0x0000009c4ce00000,0x0000009c4cf00000)]
  0x0000028c770669b0 JavaThread "HikariPool-1 housekeeper" daemon [_thread_blocked, id=3444, stack(0x0000009c4d000000,0x0000009c4d100000)]
  0x0000028c75d7efa0 JavaThread "C2 CompilerThread1" daemon [_thread_blocked, id=612, stack(0x0000009c4af00000,0x0000009c4b000000)]
  0x0000028c77066f00 JavaThread "ClassGraph-worker-32" daemon [_thread_blocked, id=1648, stack(0x0000009c4d200000,0x0000009c4d300000)]
  0x0000028c7706b960 JavaThread "ClassGraph-worker-33" daemon [_thread_blocked, id=4256, stack(0x0000009c4d300000,0x0000009c4d400000)]
  0x0000028c7706d940 JavaThread "ClassGraph-worker-34" daemon [_thread_blocked, id=8868, stack(0x0000009c4d400000,0x0000009c4d500000)]
  0x0000028c7706b410 JavaThread "ClassGraph-worker-35" daemon [_thread_blocked, id=4444, stack(0x0000009c4d500000,0x0000009c4d600000)]
  0x0000028c770679a0 JavaThread "ClassGraph-worker-36" daemon [_thread_blocked, id=9412, stack(0x0000009c4d600000,0x0000009c4d700000)]
  0x0000028c77068440 JavaThread "ClassGraph-worker-37" daemon [_thread_blocked, id=5940, stack(0x0000009c4d700000,0x0000009c4d800000)]
  0x0000028c77068990 JavaThread "ClassGraph-worker-38" daemon [_thread_blocked, id=8996, stack(0x0000009c4d800000,0x0000009c4d900000)]
  0x0000028c77069980 JavaThread "ClassGraph-worker-39" daemon [_thread_blocked, id=2248, stack(0x0000009c4d900000,0x0000009c4da00000)]

Other Threads:
=>0x0000028c59079910 VMThread "VM Thread" [stack: 0x0000009c4b800000,0x0000009c4b900000] [id=7984]
  0x0000028c58fc79b0 WatcherThread [stack: 0x0000009c4c500000,0x0000009c4c600000] [id=7120]
  0x0000028c58ff64b0 GCTaskThread "GC Thread#0" [stack: 0x0000009c4b300000,0x0000009c4b400000] [id=7876]
  0x0000028c754188d0 GCTaskThread "GC Thread#1" [stack: 0x0000009c4c600000,0x0000009c4c700000] [id=632]
  0x0000028c75421160 GCTaskThread "GC Thread#2" [stack: 0x0000009c4c700000,0x0000009c4c800000] [id=1664]
  0x0000028c75421470 GCTaskThread "GC Thread#3" [stack: 0x0000009c4c800000,0x0000009c4c900000] [id=3364]
  0x0000028c58ffb3a0 ConcurrentGCThread "G1 Main Marker" [stack: 0x0000009c4b400000,0x0000009c4b500000] [id=5544]
  0x0000028c58ffbd20 ConcurrentGCThread "G1 Conc#0" [stack: 0x0000009c4b500000,0x0000009c4b600000] [id=5196]
  0x0000028c5904a6e0 ConcurrentGCThread "G1 Refine#0" [stack: 0x0000009c4b600000,0x0000009c4b700000] [id=10104]
  0x0000028c75421780 ConcurrentGCThread "G1 Refine#1" [stack: 0x0000009c4c900000,0x0000009c4ca00000] [id=6396]
  0x0000028c7750d6c0 ConcurrentGCThread "G1 Refine#2" [stack: 0x0000009c4da00000,0x0000009c4db00000] [id=3508]
  0x0000028c5904c170 ConcurrentGCThread "G1 Service" [stack: 0x0000009c4b700000,0x0000009c4b800000] [id=4284]

Threads with active compile tasks:
C2 CompilerThread0    47808 6004 % !   4       nonapi.io.github.classgraph.fastzipfilereader.LogicalZipFile::readCentralDirectory @ 1344 (3097 bytes)
C2 CompilerThread1    47808 6016 %     4       java.util.ComparableTimSort::binarySort @ 72 (223 bytes)

VM state: at safepoint (normal execution)

VM Mutex/Monitor currently owned by a thread:  ([mutex/lock_event])
[0x0000028c58fc3520] Threads_lock - owner thread: 0x0000028c59079910
[0x0000028c58fc2ef0] Heap_lock - owner thread: 0x0000028c77069980

Heap address: 0x00000000c1c00000, size: 996 MB, Compressed Oops mode: 32-bit

CDS archive(s) mapped at: [0x0000000800000000-0x0000000800bb0000-0x0000000800bb0000), size 12255232, SharedBaseAddress: 0x0000000800000000, ArchiveRelocationMode: 0.
Compressed class space mapped at: 0x0000000800c00000-0x0000000840c00000, reserved size: 1073741824
Narrow klass base: 0x0000000800000000, Narrow klass shift: 3, Narrow klass range: 0x100000000

GC Precious Log:
 CPUs: 4 total, 4 available
 Memory: 3982M
 Large Page Support: Disabled
 NUMA Support: Disabled
 Compressed Oops: Enabled (32-bit)
 Heap Region Size: 1M
 Heap Min Capacity: 8M
 Heap Initial Capacity: 64M
 Heap Max Capacity: 996M
 Pre-touch: Disabled
 Parallel Workers: 4
 Concurrent Workers: 1
 Concurrent Refinement Workers: 4
 Periodic GC: Disabled

Heap:
 garbage-first heap   total 106496K, used 56320K [0x00000000c1c00000, 0x0000000100000000)
  region size 1024K, 3 young (3072K), 3 survivors (3072K)
 Metaspace       used 62615K, committed 63040K, reserved 1105920K
  class space    used 8489K, committed 8704K, reserved 1048576K

Heap Regions: E=young(eden), S=young(survivor), O=old, HS=humongous(starts), HC=humongous(continues), CS=collection set, F=free, OA=open archive, CA=closed archive, TAMS=top-at-mark-start (previous, next)
|   0|0x00000000c1c00000, 0x00000000c1d00000, 0x00000000c1d00000|100%|HS|  |TAMS 0x00000000c1d00000, 0x00000000c1d00000| Complete 
|   1|0x00000000c1d00000, 0x00000000c1e00000, 0x00000000c1e00000|100%| O|  |TAMS 0x00000000c1e00000, 0x00000000c1e00000| Untracked 
|   2|0x00000000c1e00000, 0x00000000c1f00000, 0x00000000c1f00000|100%| O|  |TAMS 0x00000000c1f00000, 0x00000000c1f00000| Untracked 
|   3|0x00000000c1f00000, 0x00000000c2000000, 0x00000000c2000000|100%| O|  |TAMS 0x00000000c2000000, 0x00000000c2000000| Untracked 
|   4|0x00000000c2000000, 0x00000000c2100000, 0x00000000c2100000|100%| O|  |TAMS 0x00000000c2100000, 0x00000000c2100000| Untracked 
|   5|0x00000000c2100000, 0x00000000c2200000, 0x00000000c2200000|100%| O|  |TAMS 0x00000000c2200000, 0x00000000c2200000| Untracked 
|   6|0x00000000c2200000, 0x00000000c2300000, 0x00000000c2300000|100%| O|  |TAMS 0x00000000c2300000, 0x00000000c2300000| Untracked 
|   7|0x00000000c2300000, 0x00000000c2400000, 0x00000000c2400000|100%| O|  |TAMS 0x00000000c2400000, 0x00000000c2400000| Untracked 
|   8|0x00000000c2400000, 0x00000000c2500000, 0x00000000c2500000|100%| O|  |TAMS 0x00000000c2500000, 0x00000000c2500000| Untracked 
|   9|0x00000000c2500000, 0x00000000c2600000, 0x00000000c2600000|100%| O|  |TAMS 0x00000000c2600000, 0x00000000c2600000| Untracked 
|  10|0x00000000c2600000, 0x00000000c2700000, 0x00000000c2700000|100%| O|  |TAMS 0x00000000c2700000, 0x00000000c2700000| Untracked 
|  11|0x00000000c2700000, 0x00000000c2800000, 0x00000000c2800000|100%| O|  |TAMS 0x00000000c2700000, 0x00000000c2700000| Untracked 
|  12|0x00000000c2800000, 0x00000000c2900000, 0x00000000c2900000|100%| O|  |TAMS 0x00000000c2900000, 0x00000000c2900000| Untracked 
|  13|0x00000000c2900000, 0x00000000c2a00000, 0x00000000c2a00000|100%| O|  |TAMS 0x00000000c2a00000, 0x00000000c2a00000| Untracked 
|  14|0x00000000c2a00000, 0x00000000c2b00000, 0x00000000c2b00000|100%| O|  |TAMS 0x00000000c2b00000, 0x00000000c2b00000| Untracked 
|  15|0x00000000c2b00000, 0x00000000c2c00000, 0x00000000c2c00000|100%| O|  |TAMS 0x00000000c2c00000, 0x00000000c2c00000| Untracked 
|  16|0x00000000c2c00000, 0x00000000c2d00000, 0x00000000c2d00000|100%| O|  |TAMS 0x00000000c2d00000, 0x00000000c2d00000| Untracked 
|  17|0x00000000c2d00000, 0x00000000c2e00000, 0x00000000c2e00000|100%| O|  |TAMS 0x00000000c2e00000, 0x00000000c2e00000| Untracked 
|  18|0x00000000c2e00000, 0x00000000c2f00000, 0x00000000c2f00000|100%| O|  |TAMS 0x00000000c2f00000, 0x00000000c2f00000| Untracked 
|  19|0x00000000c2f00000, 0x00000000c3000000, 0x00000000c3000000|100%| O|  |TAMS 0x00000000c3000000, 0x00000000c3000000| Untracked 
|  20|0x00000000c3000000, 0x00000000c3100000, 0x00000000c3100000|100%| O|  |TAMS 0x00000000c3100000, 0x00000000c3100000| Untracked 
|  21|0x00000000c3100000, 0x00000000c3200000, 0x00000000c3200000|100%| O|  |TAMS 0x00000000c3200000, 0x00000000c3200000| Untracked 
|  22|0x00000000c3200000, 0x00000000c3300000, 0x00000000c3300000|100%| O|  |TAMS 0x00000000c3300000, 0x00000000c3300000| Untracked 
|  23|0x00000000c3300000, 0x00000000c3400000, 0x00000000c3400000|100%| O|  |TAMS 0x00000000c3400000, 0x00000000c3400000| Untracked 
|  24|0x00000000c3400000, 0x00000000c3500000, 0x00000000c3500000|100%| O|  |TAMS 0x00000000c3500000, 0x00000000c3500000| Untracked 
|  25|0x00000000c3500000, 0x00000000c3600000, 0x00000000c3600000|100%| O|  |TAMS 0x00000000c3600000, 0x00000000c3600000| Untracked 
|  26|0x00000000c3600000, 0x00000000c3700000, 0x00000000c3700000|100%| O|  |TAMS 0x00000000c3700000, 0x00000000c3700000| Untracked 
|  27|0x00000000c3700000, 0x00000000c3800000, 0x00000000c3800000|100%| O|  |TAMS 0x00000000c3800000, 0x00000000c3800000| Untracked 
|  28|0x00000000c3800000, 0x00000000c3900000, 0x00000000c3900000|100%| O|  |TAMS 0x00000000c3900000, 0x00000000c3900000| Untracked 
|  29|0x00000000c3900000, 0x00000000c3a00000, 0x00000000c3a00000|100%| O|  |TAMS 0x00000000c3a00000, 0x00000000c3a00000| Untracked 
|  30|0x00000000c3a00000, 0x00000000c3b00000, 0x00000000c3b00000|100%| O|  |TAMS 0x00000000c3b00000, 0x00000000c3b00000| Untracked 
|  31|0x00000000c3b00000, 0x00000000c3c00000, 0x00000000c3c00000|100%| O|  |TAMS 0x00000000c3c00000, 0x00000000c3c00000| Untracked 
|  32|0x00000000c3c00000, 0x00000000c3d00000, 0x00000000c3d00000|100%| O|  |TAMS 0x00000000c3d00000, 0x00000000c3d00000| Untracked 
|  33|0x00000000c3d00000, 0x00000000c3e00000, 0x00000000c3e00000|100%| O|  |TAMS 0x00000000c3d00000, 0x00000000c3d00000| Untracked 
|  34|0x00000000c3e00000, 0x00000000c3e00000, 0x00000000c3f00000|  0%| F|  |TAMS 0x00000000c3e00000, 0x00000000c3e00000| Untracked 
|  35|0x00000000c3f00000, 0x00000000c3f00000, 0x00000000c4000000|  0%| F|  |TAMS 0x00000000c3f00000, 0x00000000c3f00000| Untracked 
|  36|0x00000000c4000000, 0x00000000c4100000, 0x00000000c4100000|100%| O|  |TAMS 0x00000000c4100000, 0x00000000c4100000| Untracked 
|  37|0x00000000c4100000, 0x00000000c4100000, 0x00000000c4200000|  0%| F|  |TAMS 0x00000000c4100000, 0x00000000c4100000| Untracked 
|  38|0x00000000c4200000, 0x00000000c4200000, 0x00000000c4300000|  0%| F|  |TAMS 0x00000000c4200000, 0x00000000c4200000| Untracked 
|  39|0x00000000c4300000, 0x00000000c4400000, 0x00000000c4400000|100%| O|  |TAMS 0x00000000c4300000, 0x00000000c4400000| Untracked 
|  40|0x00000000c4400000, 0x00000000c4400000, 0x00000000c4500000|  0%| F|  |TAMS 0x00000000c4400000, 0x00000000c4400000| Untracked 
|  41|0x00000000c4500000, 0x00000000c4500000, 0x00000000c4600000|  0%| F|  |TAMS 0x00000000c4500000, 0x00000000c4500000| Untracked 
|  42|0x00000000c4600000, 0x00000000c4600000, 0x00000000c4700000|  0%| F|  |TAMS 0x00000000c4600000, 0x00000000c4600000| Untracked 
|  43|0x00000000c4700000, 0x00000000c4800000, 0x00000000c4800000|100%| O|  |TAMS 0x00000000c4700000, 0x00000000c4800000| Untracked 
|  44|0x00000000c4800000, 0x00000000c4800000, 0x00000000c4900000|  0%| F|  |TAMS 0x00000000c4800000, 0x00000000c4800000| Untracked 
|  45|0x00000000c4900000, 0x00000000c4900000, 0x00000000c4a00000|  0%| F|  |TAMS 0x00000000c4900000, 0x00000000c4900000| Untracked 
|  46|0x00000000c4a00000, 0x00000000c4b00000, 0x00000000c4b00000|100%| O|  |TAMS 0x00000000c4a00000, 0x00000000c4b00000| Untracked 
|  47|0x00000000c4b00000, 0x00000000c4c00000, 0x00000000c4c00000|100%| O|  |TAMS 0x00000000c4c00000, 0x00000000c4c00000| Untracked 
|  48|0x00000000c4c00000, 0x00000000c4c00000, 0x00000000c4d00000|  0%| F|  |TAMS 0x00000000c4c00000, 0x00000000c4c00000| Untracked 
|  49|0x00000000c4d00000, 0x00000000c4e00000, 0x00000000c4e00000|100%| O|  |TAMS 0x00000000c4dcfc00, 0x00000000c4e00000| Untracked 
|  50|0x00000000c4e00000, 0x00000000c4f00000, 0x00000000c4f00000|100%| O|  |TAMS 0x00000000c4e00000, 0x00000000c4f00000| Untracked 
|  51|0x00000000c4f00000, 0x00000000c5000000, 0x00000000c5000000|100%| O|  |TAMS 0x00000000c4f00000, 0x00000000c5000000| Untracked 
|  52|0x00000000c5000000, 0x00000000c5100000, 0x00000000c5100000|100%| O|  |TAMS 0x00000000c5000000, 0x00000000c5100000| Untracked 
|  53|0x00000000c5100000, 0x00000000c5200000, 0x00000000c5200000|100%| O|  |TAMS 0x00000000c5100000, 0x00000000c5200000| Untracked 
|  54|0x00000000c5200000, 0x00000000c5300000, 0x00000000c5300000|100%| O|  |TAMS 0x00000000c5200000, 0x00000000c5300000| Untracked 
|  55|0x00000000c5300000, 0x00000000c5400000, 0x00000000c5400000|100%| O|  |TAMS 0x00000000c5300000, 0x00000000c5400000| Untracked 
|  56|0x00000000c5400000, 0x00000000c5500000, 0x00000000c5500000|100%| O|  |TAMS 0x00000000c5400000, 0x00000000c5500000| Untracked 
|  57|0x00000000c5500000, 0x00000000c5600000, 0x00000000c5600000|100%| O|  |TAMS 0x00000000c5500000, 0x00000000c5600000| Untracked 
|  58|0x00000000c5600000, 0x00000000c5700000, 0x00000000c5700000|100%| O|  |TAMS 0x00000000c5600000, 0x00000000c5700000| Untracked 
|  59|0x00000000c5700000, 0x00000000c5800000, 0x00000000c5800000|100%| O|  |TAMS 0x00000000c5700000, 0x00000000c5800000| Untracked 
|  60|0x00000000c5800000, 0x00000000c5900000, 0x00000000c5900000|100%| O|  |TAMS 0x00000000c5800000, 0x00000000c5900000| Untracked 
|  61|0x00000000c5900000, 0x00000000c5a00000, 0x00000000c5a00000|100%| O|  |TAMS 0x00000000c5900000, 0x00000000c597a200| Untracked 
|  62|0x00000000c5a00000, 0x00000000c5a00000, 0x00000000c5b00000|  0%| F|  |TAMS 0x00000000c5a00000, 0x00000000c5a00000| Untracked 
|  63|0x00000000c5b00000, 0x00000000c5b00000, 0x00000000c5c00000|  0%| F|  |TAMS 0x00000000c5b00000, 0x00000000c5b00000| Untracked 
|  64|0x00000000c5c00000, 0x00000000c5c00000, 0x00000000c5d00000|  0%| F|  |TAMS 0x00000000c5c00000, 0x00000000c5c00000| Untracked 
|  65|0x00000000c5d00000, 0x00000000c5d00000, 0x00000000c5e00000|  0%| F|  |TAMS 0x00000000c5d00000, 0x00000000c5d00000| Untracked 
|  66|0x00000000c5e00000, 0x00000000c5e00000, 0x00000000c5f00000|  0%| F|  |TAMS 0x00000000c5e00000, 0x00000000c5e00000| Untracked 
|  67|0x00000000c5f00000, 0x00000000c5f00000, 0x00000000c6000000|  0%| F|  |TAMS 0x00000000c5f00000, 0x00000000c5f00000| Untracked 
|  68|0x00000000c6000000, 0x00000000c6000000, 0x00000000c6100000|  0%| F|  |TAMS 0x00000000c6000000, 0x00000000c6000000| Untracked 
|  69|0x00000000c6100000, 0x00000000c6100000, 0x00000000c6200000|  0%| F|  |TAMS 0x00000000c6100000, 0x00000000c6100000| Untracked 
|  70|0x00000000c6200000, 0x00000000c6200000, 0x00000000c6300000|  0%| F|  |TAMS 0x00000000c6200000, 0x00000000c6200000| Untracked 
|  71|0x00000000c6300000, 0x00000000c6300000, 0x00000000c6400000|  0%| F|  |TAMS 0x00000000c6300000, 0x00000000c6300000| Untracked 
|  72|0x00000000c6400000, 0x00000000c6400000, 0x00000000c6500000|  0%| F|  |TAMS 0x00000000c6400000, 0x00000000c6400000| Untracked 
|  73|0x00000000c6500000, 0x00000000c6500000, 0x00000000c6600000|  0%| F|  |TAMS 0x00000000c6500000, 0x00000000c6500000| Untracked 
|  74|0x00000000c6600000, 0x00000000c6600000, 0x00000000c6700000|  0%| F|  |TAMS 0x00000000c6600000, 0x00000000c6600000| Untracked 
|  75|0x00000000c6700000, 0x00000000c6700000, 0x00000000c6800000|  0%| F|  |TAMS 0x00000000c6700000, 0x00000000c6700000| Untracked 
|  76|0x00000000c6800000, 0x00000000c6800000, 0x00000000c6900000|  0%| F|  |TAMS 0x00000000c6800000, 0x00000000c6800000| Untracked 
|  77|0x00000000c6900000, 0x00000000c6a00000, 0x00000000c6a00000|100%| S|CS|TAMS 0x00000000c6900000, 0x00000000c6900000| Complete 
|  78|0x00000000c6a00000, 0x00000000c6b00000, 0x00000000c6b00000|100%| S|CS|TAMS 0x00000000c6a00000, 0x00000000c6a00000| Complete 
|  79|0x00000000c6b00000, 0x00000000c6c00000, 0x00000000c6c00000|100%| S|CS|TAMS 0x00000000c6b00000, 0x00000000c6b00000| Complete 
|  80|0x00000000c6c00000, 0x00000000c6c00000, 0x00000000c6d00000|  0%| F|  |TAMS 0x00000000c6c00000, 0x00000000c6c00000| Untracked 
|  81|0x00000000c6d00000, 0x00000000c6d00000, 0x00000000c6e00000|  0%| F|  |TAMS 0x00000000c6d00000, 0x00000000c6d00000| Untracked 
|  82|0x00000000c6e00000, 0x00000000c6e00000, 0x00000000c6f00000|  0%| F|  |TAMS 0x00000000c6e00000, 0x00000000c6e00000| Untracked 
|  83|0x00000000c6f00000, 0x00000000c6f00000, 0x00000000c7000000|  0%| F|  |TAMS 0x00000000c6f00000, 0x00000000c6f00000| Untracked 
|  84|0x00000000c7000000, 0x00000000c7000000, 0x00000000c7100000|  0%| F|  |TAMS 0x00000000c7000000, 0x00000000c7000000| Untracked 
|  85|0x00000000c7100000, 0x00000000c7100000, 0x00000000c7200000|  0%| F|  |TAMS 0x00000000c7100000, 0x00000000c7100000| Untracked 
|  86|0x00000000c7200000, 0x00000000c7200000, 0x00000000c7300000|  0%| F|  |TAMS 0x00000000c7200000, 0x00000000c7200000| Untracked 
|  87|0x00000000c7300000, 0x00000000c7300000, 0x00000000c7400000|  0%| F|  |TAMS 0x00000000c7300000, 0x00000000c7300000| Untracked 
|  88|0x00000000c7400000, 0x00000000c7400000, 0x00000000c7500000|  0%| F|  |TAMS 0x00000000c7400000, 0x00000000c7400000| Untracked 
|  89|0x00000000c7500000, 0x00000000c7500000, 0x00000000c7600000|  0%| F|  |TAMS 0x00000000c7500000, 0x00000000c7500000| Untracked 
|  90|0x00000000c7600000, 0x00000000c7600000, 0x00000000c7700000|  0%| F|  |TAMS 0x00000000c7600000, 0x00000000c7600000| Untracked 
|  91|0x00000000c7700000, 0x00000000c7700000, 0x00000000c7800000|  0%| F|  |TAMS 0x00000000c7700000, 0x00000000c7700000| Untracked 
|  92|0x00000000c7800000, 0x00000000c7800000, 0x00000000c7900000|  0%| F|  |TAMS 0x00000000c7800000, 0x00000000c7800000| Untracked 
|  93|0x00000000c7900000, 0x00000000c7900000, 0x00000000c7a00000|  0%| F|  |TAMS 0x00000000c7900000, 0x00000000c7900000| Untracked 
|  94|0x00000000c7a00000, 0x00000000c7a00000, 0x00000000c7b00000|  0%| F|  |TAMS 0x00000000c7a00000, 0x00000000c7a00000| Untracked 
|  95|0x00000000c7b00000, 0x00000000c7b00000, 0x00000000c7c00000|  0%| F|  |TAMS 0x00000000c7b00000, 0x00000000c7b00000| Untracked 
|  96|0x00000000c7c00000, 0x00000000c7c00000, 0x00000000c7d00000|  0%| F|  |TAMS 0x00000000c7c00000, 0x00000000c7c00000| Untracked 
|  97|0x00000000c7d00000, 0x00000000c7d00000, 0x00000000c7e00000|  0%| F|  |TAMS 0x00000000c7d00000, 0x00000000c7d00000| Untracked 
|  98|0x00000000c7e00000, 0x00000000c7e00000, 0x00000000c7f00000|  0%| F|  |TAMS 0x00000000c7e00000, 0x00000000c7e00000| Untracked 
|  99|0x00000000c7f00000, 0x00000000c7f00000, 0x00000000c8000000|  0%| F|  |TAMS 0x00000000c7f00000, 0x00000000c7f00000| Untracked 
| 100|0x00000000c8000000, 0x00000000c8000000, 0x00000000c8100000|  0%| F|  |TAMS 0x00000000c8000000, 0x00000000c8000000| Untracked 
| 101|0x00000000c8100000, 0x00000000c8100000, 0x00000000c8200000|  0%| F|  |TAMS 0x00000000c8100000, 0x00000000c8100000| Untracked 
| 102|0x00000000c8200000, 0x00000000c8200000, 0x00000000c8300000|  0%| F|  |TAMS 0x00000000c8200000, 0x00000000c8200000| Untracked 
| 103|0x00000000c8300000, 0x00000000c8300000, 0x00000000c8400000|  0%| F|  |TAMS 0x00000000c8300000, 0x00000000c8300000| Untracked 

Card table byte_map: [0x0000028c6f930000,0x0000028c6fb30000] _byte_map_base: 0x0000028c6f322000

Marking Bits (Prev, Next): (CMBitMap*) 0x0000028c58ff6ba0, (CMBitMap*) 0x0000028c58ff6be0
 Prev Bits: [0x0000028c6fd30000, 0x0000028c70cc0000)
 Next Bits: [0x0000028c70cc0000, 0x0000028c71c50000)

Polling page: 0x0000028c56fc0000

Metaspace:

Usage:
  Non-class:     52.86 MB used.
      Class:      8.29 MB used.
       Both:     61.15 MB used.

Virtual space:
  Non-class space:       56.00 MB reserved,      53.06 MB ( 95%) committed,  7 nodes.
      Class space:        1.00 GB reserved,       8.50 MB ( <1%) committed,  1 nodes.
              Both:        1.05 GB reserved,      61.56 MB (  6%) committed. 

Chunk freelists:
   Non-Class:  2.82 MB
       Class:  3.34 MB
        Both:  6.17 MB

MaxMetaspaceSize: 17179869184.00 GB
CompressedClassSpaceSize: 1.00 GB
 - commit_granule_bytes: 65536.
 - commit_granule_words: 8192.
 - virtual_space_node_default_size: 1048576.
 - enlarge_chunks_in_place: 1.
 - new_chunks_are_fully_committed: 0.
 - uncommit_free_chunks: 1.
 - use_allocation_guard: 0.
 - handle_deallocations: 1.


Internal statistics:

num_allocs_failed_limit: 9.
num_arena_births: 538.
num_arena_deaths: 0.
num_vsnodes_births: 8.
num_vsnodes_deaths: 0.
num_space_committed: 985.
num_space_uncommitted: 0.
num_chunks_returned_to_freelist: 9.
num_chunks_taken_from_freelist: 2905.
num_chunk_merges: 9.
num_chunk_splits: 2058.
num_chunks_enlarged: 1603.
num_purges: 0.

CodeHeap 'non-profiled nmethods': size=120000Kb used=3510Kb max_used=3510Kb free=116489Kb
 bounds [0x0000028c68200000, 0x0000028c68570000, 0x0000028c6f730000]
CodeHeap 'profiled nmethods': size=120000Kb used=11541Kb max_used=11541Kb free=108458Kb
 bounds [0x0000028c60cd0000, 0x0000028c61820000, 0x0000028c68200000]
CodeHeap 'non-nmethods': size=5760Kb used=1306Kb max_used=1387Kb free=4453Kb
 bounds [0x0000028c60730000, 0x0000028c609a0000, 0x0000028c60cd0000]
 total_blobs=5853 nmethods=5226 adapters=540
 compilation: enabled
              stopped_count=0, restarted_count=0
 full_count=0

Compilation events (20 events):
Event: 47.161 Thread 0x0000028c740a61c0 nmethod 5999 0x0000028c6835e590 code [0x0000028c6835e720, 0x0000028c6835e958]
Event: 47.161 Thread 0x0000028c740a61c0 6003       4       nonapi.io.github.classgraph.fileslice.reader.RandomAccessArrayReader::readUnsignedInt (11 bytes)
Event: 47.164 Thread 0x0000028c740a61c0 nmethod 6003 0x0000028c6835e190 code [0x0000028c6835e320, 0x0000028c6835e438]
Event: 47.165 Thread 0x0000028c740a61c0 6000       4       sun.nio.ch.FileDispatcherImpl::pread (10 bytes)
Event: 47.166 Thread 0x0000028c740a61c0 nmethod 6000 0x0000028c6835de90 code [0x0000028c6835e020, 0x0000028c6835e0c8]
Event: 47.168 Thread 0x0000028c740a61c0 6004 % !   4       nonapi.io.github.classgraph.fastzipfilereader.LogicalZipFile::readCentralDirectory @ 1344 (3097 bytes)
Event: 47.170 Thread 0x0000028c740a8c10 6006   !   3       java.lang.Thread::blockedOn (27 bytes)
Event: 47.171 Thread 0x0000028c740a8c10 nmethod 6006 0x0000028c61810a90 code [0x0000028c61810c40, 0x0000028c61810e98]
Event: 47.173 Thread 0x0000028c740a8c10 6007       3       java.nio.ByteBuffer::put (124 bytes)
Event: 47.174 Thread 0x0000028c740a8c10 nmethod 6007 0x0000028c61810f90 code [0x0000028c618111c0, 0x0000028c61811a68]
Event: 47.184 Thread 0x0000028c75d7efa0 nmethod 5996% 0x0000028c6856a490 code [0x0000028c6856a6a0, 0x0000028c6856b4b0]
Event: 47.185 Thread 0x0000028c75d7efa0 6008 %     4       java.io.WinNTFileSystem::normalize @ 58 (224 bytes)
Event: 47.192 Thread 0x0000028c740a8c10 6011       3       java.nio.channels.spi.AbstractInterruptibleChannel::end (53 bytes)
Event: 47.194 Thread 0x0000028c740a8c10 nmethod 6011 0x0000028c61811d10 code [0x0000028c61811f20, 0x0000028c61812448]
Event: 47.199 Thread 0x0000028c740a8c10 6012   !   3       sun.nio.ch.FileChannelImpl::readInternal (253 bytes)
Event: 47.202 Thread 0x0000028c740a8c10 nmethod 6012 0x0000028c61812610 code [0x0000028c618128a0, 0x0000028c618133e8]
Event: 47.218 Thread 0x0000028c740a8c10 6013   !   3       java.util.concurrent.ConcurrentHashMap::putVal (432 bytes)
Event: 47.222 Thread 0x0000028c740a8c10 nmethod 6013 0x0000028c61813910 code [0x0000028c61813c60, 0x0000028c618157c8]
Event: 47.291 Thread 0x0000028c75d7efa0 nmethod 6008% 0x0000028c6856bd10 code [0x0000028c6856bf60, 0x0000028c6856d5b0]
Event: 47.292 Thread 0x0000028c75d7efa0 6016 %     4       java.util.ComparableTimSort::binarySort @ 72 (223 bytes)

GC Heap History (20 events):
Event: 42.267 GC heap after
{Heap after GC invocations=23 (full 0):
 garbage-first heap   total 66560K, used 33974K [0x00000000c1c00000, 0x0000000100000000)
  region size 1024K, 3 young (3072K), 3 survivors (3072K)
 Metaspace       used 60071K, committed 60480K, reserved 1105920K
  class space    used 8199K, committed 8384K, reserved 1048576K
}
Event: 43.332 GC heap before
{Heap before GC invocations=23 (full 0):
 garbage-first heap   total 66560K, used 53430K [0x00000000c1c00000, 0x0000000100000000)
  region size 1024K, 22 young (22528K), 3 survivors (3072K)
 Metaspace       used 61612K, committed 62080K, reserved 1105920K
  class space    used 8380K, committed 8576K, reserved 1048576K
}
Event: 43.342 GC heap after
{Heap after GC invocations=24 (full 0):
 garbage-first heap   total 66560K, used 35430K [0x00000000c1c00000, 0x0000000100000000)
  region size 1024K, 2 young (2048K), 2 survivors (2048K)
 Metaspace       used 61612K, committed 62080K, reserved 1105920K
  class space    used 8380K, committed 8576K, reserved 1048576K
}
Event: 44.066 GC heap before
{Heap before GC invocations=25 (full 0):
 garbage-first heap   total 66560K, used 47718K [0x00000000c1c00000, 0x0000000100000000)
  region size 1024K, 15 young (15360K), 2 survivors (2048K)
 Metaspace       used 62286K, committed 62720K, reserved 1105920K
  class space    used 8478K, committed 8704K, reserved 1048576K
}
Event: 44.075 GC heap after
{Heap after GC invocations=26 (full 0):
 garbage-first heap   total 66560K, used 37196K [0x00000000c1c00000, 0x0000000100000000)
  region size 1024K, 3 young (3072K), 3 survivors (3072K)
 Metaspace       used 62286K, committed 62720K, reserved 1105920K
  class space    used 8478K, committed 8704K, reserved 1048576K
}
Event: 44.571 GC heap before
{Heap before GC invocations=27 (full 0):
 garbage-first heap   total 75776K, used 52556K [0x00000000c1c00000, 0x0000000100000000)
  region size 1024K, 18 young (18432K), 3 survivors (3072K)
 Metaspace       used 62330K, committed 62784K, reserved 1105920K
  class space    used 8478K, committed 8704K, reserved 1048576K
}
Event: 44.582 GC heap after
{Heap after GC invocations=28 (full 0):
 garbage-first heap   total 75776K, used 40564K [0x00000000c1c00000, 0x0000000100000000)
  region size 1024K, 3 young (3072K), 3 survivors (3072K)
 Metaspace       used 62330K, committed 62784K, reserved 1105920K
  class space    used 8478K, committed 8704K, reserved 1048576K
}
Event: 44.949 GC heap before
{Heap before GC invocations=28 (full 0):
 garbage-first heap   total 75776K, used 57972K [0x00000000c1c00000, 0x0000000100000000)
  region size 1024K, 21 young (21504K), 3 survivors (3072K)
 Metaspace       used 62404K, committed 62848K, reserved 1105920K
  class space    used 8480K, committed 8704K, reserved 1048576K
}
Event: 44.963 GC heap after
{Heap after GC invocations=29 (full 0):
 garbage-first heap   total 75776K, used 45297K [0x00000000c1c00000, 0x0000000100000000)
  region size 1024K, 3 young (3072K), 3 survivors (3072K)
 Metaspace       used 62404K, committed 62848K, reserved 1105920K
  class space    used 8480K, committed 8704K, reserved 1048576K
}
Event: 45.527 GC heap before
{Heap before GC invocations=30 (full 0):
 garbage-first heap   total 87040K, used 56561K [0x00000000c1c00000, 0x0000000100000000)
  region size 1024K, 15 young (15360K), 3 survivors (3072K)
 Metaspace       used 62532K, committed 62976K, reserved 1105920K
  class space    used 8489K, committed 8704K, reserved 1048576K
}
Event: 45.542 GC heap after
{Heap after GC invocations=31 (full 0):
 garbage-first heap   total 87040K, used 48735K [0x00000000c1c00000, 0x0000000100000000)
  region size 1024K, 2 young (2048K), 2 survivors (2048K)
 Metaspace       used 62532K, committed 62976K, reserved 1105920K
  class space    used 8489K, committed 8704K, reserved 1048576K
}
Event: 46.112 GC heap before
{Heap before GC invocations=32 (full 0):
 garbage-first heap   total 97280K, used 66143K [0x00000000c1c00000, 0x0000000100000000)
  region size 1024K, 18 young (18432K), 2 survivors (2048K)
 Metaspace       used 62537K, committed 62976K, reserved 1105920K
  class space    used 8489K, committed 8704K, reserved 1048576K
}
Event: 46.124 GC heap after
{Heap after GC invocations=33 (full 0):
 garbage-first heap   total 97280K, used 52670K [0x00000000c1c00000, 0x0000000100000000)
  region size 1024K, 3 young (3072K), 3 survivors (3072K)
 Metaspace       used 62537K, committed 62976K, reserved 1105920K
  class space    used 8489K, committed 8704K, reserved 1048576K
}
Event: 46.474 GC heap before
{Heap before GC invocations=33 (full 0):
 garbage-first heap   total 97280K, used 71102K [0x00000000c1c00000, 0x0000000100000000)
  region size 1024K, 22 young (22528K), 3 survivors (3072K)
 Metaspace       used 62560K, committed 63040K, reserved 1105920K
  class space    used 8489K, committed 8704K, reserved 1048576K
}
Event: 46.490 GC heap after
{Heap after GC invocations=34 (full 0):
 garbage-first heap   total 97280K, used 56959K [0x00000000c1c00000, 0x0000000100000000)
  region size 1024K, 3 young (3072K), 3 survivors (3072K)
 Metaspace       used 62560K, committed 63040K, reserved 1105920K
  class space    used 8489K, committed 8704K, reserved 1048576K
}
Event: 46.919 GC heap before
{Heap before GC invocations=35 (full 0):
 garbage-first heap   total 106496K, used 72319K [0x00000000c1c00000, 0x0000000100000000)
  region size 1024K, 20 young (20480K), 3 survivors (3072K)
 Metaspace       used 62615K, committed 63040K, reserved 1105920K
  class space    used 8489K, committed 8704K, reserved 1048576K
}
Event: 46.934 GC heap after
{Heap after GC invocations=36 (full 0):
 garbage-first heap   total 106496K, used 60609K [0x00000000c1c00000, 0x0000000100000000)
  region size 1024K, 3 young (3072K), 3 survivors (3072K)
 Metaspace       used 62615K, committed 63040K, reserved 1105920K
  class space    used 8489K, committed 8704K, reserved 1048576K
}
Event: 46.951 GC heap before
{Heap before GC invocations=36 (full 0):
 garbage-first heap   total 106496K, used 62657K [0x00000000c1c00000, 0x0000000100000000)
  region size 1024K, 5 young (5120K), 3 survivors (3072K)
 Metaspace       used 62615K, committed 63040K, reserved 1105920K
  class space    used 8489K, committed 8704K, reserved 1048576K
}
Event: 46.970 GC heap after
{Heap after GC invocations=37 (full 0):
 garbage-first heap   total 106496K, used 51230K [0x00000000c1c00000, 0x0000000100000000)
  region size 1024K, 1 young (1024K), 1 survivors (1024K)
 Metaspace       used 62615K, committed 63040K, reserved 1105920K
  class space    used 8489K, committed 8704K, reserved 1048576K
}
Event: 47.317 GC heap before
{Heap before GC invocations=37 (full 0):
 garbage-first heap   total 106496K, used 73758K [0x00000000c1c00000, 0x0000000100000000)
  region size 1024K, 24 young (24576K), 1 survivors (1024K)
 Metaspace       used 62615K, committed 63040K, reserved 1105920K
  class space    used 8489K, committed 8704K, reserved 1048576K
}

Deoptimization events (20 events):
Event: 46.344 Thread 0x0000028c77069980 DEOPT PACKING pc=0x0000028c61300adb sp=0x0000009c4d3fe090
Event: 46.344 Thread 0x0000028c77069980 DEOPT UNPACKING pc=0x0000028c6077deb0 sp=0x0000009c4d3fd5f8 mode 0
Event: 46.369 Thread 0x0000028c77069980 DEOPT PACKING pc=0x0000028c61300adb sp=0x0000009c4d3fe090
Event: 46.369 Thread 0x0000028c77069980 DEOPT UNPACKING pc=0x0000028c6077deb0 sp=0x0000009c4d3fd5f8 mode 0
Event: 46.392 Thread 0x0000028c7706aec0 DEOPT PACKING pc=0x0000028c61300adb sp=0x0000009c4d4fdfc0
Event: 46.392 Thread 0x0000028c7706aec0 DEOPT UNPACKING pc=0x0000028c6077deb0 sp=0x0000009c4d4fd528 mode 0
Event: 46.392 Thread 0x0000028c7706aec0 DEOPT PACKING pc=0x0000028c61731bc9 sp=0x0000009c4d4fead0
Event: 46.392 Thread 0x0000028c7706aec0 DEOPT UNPACKING pc=0x0000028c6077deb0 sp=0x0000009c4d4fe170 mode 0
Event: 46.434 Thread 0x0000028c7706d3f0 DEOPT PACKING pc=0x0000028c61300adb sp=0x0000009c4d7fddc0
Event: 46.434 Thread 0x0000028c7706d3f0 DEOPT UNPACKING pc=0x0000028c6077deb0 sp=0x0000009c4d7fd328 mode 0
Event: 46.435 Thread 0x0000028c7706d3f0 DEOPT PACKING pc=0x0000028c61731bc9 sp=0x0000009c4d7fe8d0
Event: 46.435 Thread 0x0000028c7706d3f0 DEOPT UNPACKING pc=0x0000028c6077deb0 sp=0x0000009c4d7fdf70 mode 0
Event: 46.530 Thread 0x0000028c7706aec0 DEOPT PACKING pc=0x0000028c6133fa58 sp=0x0000009c4d4fe880
Event: 46.530 Thread 0x0000028c7706aec0 DEOPT UNPACKING pc=0x0000028c6077deb0 sp=0x0000009c4d4fdd80 mode 0
Event: 46.537 Thread 0x0000028c7706aec0 DEOPT PACKING pc=0x0000028c6133fa58 sp=0x0000009c4d4fe880
Event: 46.537 Thread 0x0000028c7706aec0 DEOPT UNPACKING pc=0x0000028c6077deb0 sp=0x0000009c4d4fdd80 mode 0
Event: 47.300 Thread 0x0000028c770679a0 DEOPT PACKING pc=0x0000028c6173cc20 sp=0x0000009c4d6fe9d0
Event: 47.300 Thread 0x0000028c770679a0 DEOPT UNPACKING pc=0x0000028c6077deb0 sp=0x0000009c4d6fdec8 mode 0
Event: 47.301 Thread 0x0000028c770679a0 DEOPT PACKING pc=0x0000028c6133fe1b sp=0x0000009c4d6fec40
Event: 47.301 Thread 0x0000028c770679a0 DEOPT UNPACKING pc=0x0000028c6077deb0 sp=0x0000009c4d6fe150 mode 0

Classes unloaded (0 events):
No events

Classes redefined (0 events):
No events

Internal exceptions (20 events):
Event: 43.277 Thread 0x0000028c58fc69b0 Exception <a 'java/lang/ClassNotFoundException'{0x00000000c4a1e930}: org/springframework/beans/factory/AwareCustomizer> (0x00000000c4a1e930) 
thrown [t:\workspace\open\src\hotspot\share\classfile\systemDictionary.cpp, line 256]
Event: 43.301 Thread 0x0000028c58fc69b0 Exception <a 'java/lang/ClassNotFoundException'{0x00000000c4a830b0}: java/lang/ObjectCustomizer> (0x00000000c4a830b0) 
thrown [t:\workspace\open\src\hotspot\share\classfile\systemDictionary.cpp, line 256]
Event: 43.303 Thread 0x0000028c58fc69b0 Exception <a 'java/lang/ClassNotFoundException'{0x00000000c4a8b258}: org/springframework/context/support/ApplicationObjectSupportCustomizer> (0x00000000c4a8b258) 
thrown [t:\workspace\open\src\hotspot\share\classfile\systemDictionary.cpp, line 256]
Event: 43.306 Thread 0x0000028c58fc69b0 Exception <a 'java/lang/ClassNotFoundException'{0x00000000c4a92e90}: org/springframework/web/context/support/WebApplicationObjectSupportCustomizer> (0x00000000c4a92e90) 
thrown [t:\workspace\open\src\hotspot\share\classfile\systemDictionary.cpp, line 256]
Event: 43.308 Thread 0x0000028c58fc69b0 Exception <a 'java/lang/ClassNotFoundException'{0x00000000c4a995c8}: org/springframework/web/servlet/handler/AbstractHandlerMappingCustomizer> (0x00000000c4a995c8) 
thrown [t:\workspace\open\src\hotspot\share\classfile\systemDictionary.cpp, line 256]
Event: 43.311 Thread 0x0000028c58fc69b0 Exception <a 'java/lang/ClassNotFoundException'{0x00000000c4aad2d8}: org/springframework/web/servlet/function/support/RouterFunctionMappingCustomizer> (0x00000000c4aad2d8) 
thrown [t:\workspace\open\src\hotspot\share\classfile\systemDictionary.cpp, line 256]
Event: 43.315 Thread 0x0000028c58fc69b0 Exception <a 'java/lang/ClassNotFoundException'{0x00000000c4ac9998}: org/springframework/beans/factory/InitializingBeanCustomizer> (0x00000000c4ac9998) 
thrown [t:\workspace\open\src\hotspot\share\classfile\systemDictionary.cpp, line 256]
Event: 43.316 Thread 0x0000028c58fc69b0 Exception <a 'java/lang/ClassNotFoundException'{0x00000000c4acec98}: org/springframework/web/servlet/HandlerMappingCustomizer> (0x00000000c4acec98) 
thrown [t:\workspace\open\src\hotspot\share\classfile\systemDictionary.cpp, line 256]
Event: 43.318 Thread 0x0000028c58fc69b0 Exception <a 'java/lang/ClassNotFoundException'{0x00000000c4ad4180}: org/springframework/core/OrderedCustomizer> (0x00000000c4ad4180) 
thrown [t:\workspace\open\src\hotspot\share\classfile\systemDictionary.cpp, line 256]
Event: 43.320 Thread 0x0000028c58fc69b0 Exception <a 'java/lang/ClassNotFoundException'{0x00000000c4ad9730}: org/springframework/beans/factory/BeanNameAwareCustomizer> (0x00000000c4ad9730) 
thrown [t:\workspace\open\src\hotspot\share\classfile\systemDictionary.cpp, line 256]
Event: 43.322 Thread 0x0000028c58fc69b0 Exception <a 'java/lang/ClassNotFoundException'{0x00000000c4adeda8}: org/springframework/beans/factory/AwareCustomizer> (0x00000000c4adeda8) 
thrown [t:\workspace\open\src\hotspot\share\classfile\systemDictionary.cpp, line 256]
Event: 43.324 Thread 0x0000028c58fc69b0 Exception <a 'java/lang/ClassNotFoundException'{0x00000000c4ae3820}: org/springframework/web/context/ServletContextAwareCustomizer> (0x00000000c4ae3820) 
thrown [t:\workspace\open\src\hotspot\share\classfile\systemDictionary.cpp, line 256]
Event: 43.327 Thread 0x0000028c58fc69b0 Exception <a 'java/lang/ClassNotFoundException'{0x00000000c4ae8ef0}: org/springframework/beans/factory/AwareCustomizer> (0x00000000c4ae8ef0) 
thrown [t:\workspace\open\src\hotspot\share\classfile\systemDictionary.cpp, line 256]
Event: 43.328 Thread 0x0000028c58fc69b0 Exception <a 'java/lang/ClassNotFoundException'{0x00000000c4aed968}: org/springframework/context/ApplicationContextAwareCustomizer> (0x00000000c4aed968) 
thrown [t:\workspace\open\src\hotspot\share\classfile\systemDictionary.cpp, line 256]
Event: 43.330 Thread 0x0000028c58fc69b0 Exception <a 'java/lang/ClassNotFoundException'{0x00000000c4af37a8}: org/springframework/beans/factory/AwareCustomizer> (0x00000000c4af37a8) 
thrown [t:\workspace\open\src\hotspot\share\classfile\systemDictionary.cpp, line 256]
Event: 43.349 Thread 0x0000028c58fc69b0 Exception <a 'java/lang/IncompatibleClassChangeError'{0x00000000c5c21e98}: Found class java.lang.Object, but interface was expected> (0x00000000c5c21e98) 
thrown [t:\workspace\open\src\hotspot\share\interpreter\linkResolver.cpp, line 857]
Event: 45.180 Thread 0x0000028c7706aec0 Implicit null exception at 0x0000028c683e546c to 0x0000028c683e551c
Event: 45.725 Thread 0x0000028c77066f00 Implicit null exception at 0x0000028c6844397b to 0x0000028c68444a8c
Event: 45.725 Thread 0x0000028c77066f00 Implicit null exception at 0x0000028c683e947b to 0x0000028c683e94f8
Event: 45.796 Thread 0x0000028c77069980 Implicit null exception at 0x0000028c6820ceda to 0x0000028c6820d218

Events (20 events):
Event: 46.832 Thread 0x0000028c77068990 Thread added: 0x0000028c77068990
Event: 46.833 Thread 0x0000028c77069980 Thread added: 0x0000028c77069980
Event: 46.909 Executing  VM operation: ICBufferFull
Event: 46.918 Executing  VM operation: ICBufferFull done
Event: 46.919 Executing  VM operation: G1CollectForAllocation
Event: 46.936 Executing  VM operation: G1CollectForAllocation done
Event: 46.951 Executing  VM operation: G1CollectForAllocation
Event: 46.983 Executing  VM operation: G1CollectForAllocation done
Event: 47.055 Executing  VM operation: ICBufferFull
Event: 47.055 Executing  VM operation: ICBufferFull done
Event: 47.123 Executing  VM operation: ICBufferFull
Event: 47.124 Executing  VM operation: ICBufferFull done
Event: 47.131 Executing  VM operation: HandshakeAllThreads
Event: 47.131 Executing  VM operation: HandshakeAllThreads done
Event: 47.141 Thread 0x0000028c7412fb20 flushing nmethod 0x0000028c61096710
Event: 47.213 Executing  VM operation: ICBufferFull
Event: 47.220 Executing  VM operation: ICBufferFull done
Event: 47.297 Executing  VM operation: ICBufferFull
Event: 47.297 Executing  VM operation: ICBufferFull done
Event: 47.317 Executing  VM operation: G1CollectForAllocation


Dynamic libraries:
0x00007ff6c6f70000 - 0x00007ff6c6f80000 	C:\Program Files\Java\jdk-16.0.1\bin\java.exe
0x00007ffde99f0000 - 0x00007ffde9be5000 	C:\WINDOWS\SYSTEM32\ntdll.dll
0x00007ffde8e60000 - 0x00007ffde8f1d000 	C:\WINDOWS\System32\KERNEL32.DLL
0x00007ffde7130000 - 0x00007ffde73f9000 	C:\WINDOWS\System32\KERNELBASE.dll
0x00007ffde7430000 - 0x00007ffde7530000 	C:\WINDOWS\System32\ucrtbase.dll
0x00007ffdd4c90000 - 0x00007ffdd4ca8000 	C:\Program Files\Java\jdk-16.0.1\bin\jli.dll
0x00007ffde8630000 - 0x00007ffde86dc000 	C:\WINDOWS\System32\ADVAPI32.dll
0x00007ffde8f20000 - 0x00007ffde8fbe000 	C:\WINDOWS\System32\msvcrt.dll
0x00007ffde8590000 - 0x00007ffde862b000 	C:\WINDOWS\System32\sechost.dll
0x00007ffde7ea0000 - 0x00007ffde7fca000 	C:\WINDOWS\System32\RPCRT4.dll
0x00007ffddbe00000 - 0x00007ffddbe19000 	C:\Program Files\Java\jdk-16.0.1\bin\VCRUNTIME140.dll
0x00007ffde8fc0000 - 0x00007ffde9160000 	C:\WINDOWS\System32\USER32.dll
0x00007ffde7530000 - 0x00007ffde7552000 	C:\WINDOWS\System32\win32u.dll
0x00007ffde8c40000 - 0x00007ffde8c6a000 	C:\WINDOWS\System32\GDI32.dll
0x00007ffdcfe10000 - 0x00007ffdd00aa000 	C:\WINDOWS\WinSxS\amd64_microsoft.windows.common-controls_6595b64144ccf1df_6.0.19041.1110_none_60b5254171f9507e\COMCTL32.dll
0x00007ffde7900000 - 0x00007ffde7a0b000 	C:\WINDOWS\System32\gdi32full.dll
0x00007ffde77b0000 - 0x00007ffde784d000 	C:\WINDOWS\System32\msvcp_win.dll
0x00007ffdd5b60000 - 0x00007ffdd5b6a000 	C:\WINDOWS\SYSTEM32\VERSION.dll
0x00007ffde9160000 - 0x00007ffde9190000 	C:\WINDOWS\System32\IMM32.DLL
0x00007ffddf9f0000 - 0x00007ffddf9fc000 	C:\Program Files\Java\jdk-16.0.1\bin\vcruntime140_1.dll
0x00007ffdd40e0000 - 0x00007ffdd4171000 	C:\Program Files\Java\jdk-16.0.1\bin\msvcp140.dll
0x00007ffdafdc0000 - 0x00007ffdb096b000 	C:\Program Files\Java\jdk-16.0.1\bin\server\jvm.dll
0x00007ffde7fd0000 - 0x00007ffde7fd8000 	C:\WINDOWS\System32\PSAPI.DLL
0x00007ffde1230000 - 0x00007ffde1239000 	C:\WINDOWS\SYSTEM32\WSOCK32.dll
0x00007ffde8b60000 - 0x00007ffde8bcb000 	C:\WINDOWS\System32\WS2_32.dll
0x00007ffdcfd60000 - 0x00007ffdcfd87000 	C:\WINDOWS\SYSTEM32\WINMM.dll
0x00007ffde5020000 - 0x00007ffde5032000 	C:\WINDOWS\SYSTEM32\kernel.appcore.dll
0x00007ffdde340000 - 0x00007ffdde34a000 	C:\Program Files\Java\jdk-16.0.1\bin\jimage.dll
0x00007ffdca4b0000 - 0x00007ffdca694000 	C:\WINDOWS\SYSTEM32\DBGHELP.DLL
0x00007ffdca480000 - 0x00007ffdca4ac000 	C:\WINDOWS\SYSTEM32\dbgcore.DLL
0x00007ffde7560000 - 0x00007ffde75e3000 	C:\WINDOWS\System32\bcryptPrimitives.dll
0x00007ffddbf00000 - 0x00007ffddbf0e000 	C:\Program Files\Java\jdk-16.0.1\bin\instrument.dll
0x00007ffdd4c60000 - 0x00007ffdd4c85000 	C:\Program Files\Java\jdk-16.0.1\bin\java.dll
0x00007ffde9270000 - 0x00007ffde99af000 	C:\WINDOWS\System32\SHELL32.dll
0x00007ffde5220000 - 0x00007ffde59b1000 	C:\WINDOWS\SYSTEM32\windows.storage.dll
0x00007ffde7b40000 - 0x00007ffde7e95000 	C:\WINDOWS\System32\combase.dll
0x00007ffde6ac0000 - 0x00007ffde6aec000 	C:\WINDOWS\SYSTEM32\Wldp.dll
0x00007ffde8920000 - 0x00007ffde89ce000 	C:\WINDOWS\System32\SHCORE.dll
0x00007ffde8a80000 - 0x00007ffde8ad5000 	C:\WINDOWS\System32\shlwapi.dll
0x00007ffde7070000 - 0x00007ffde708f000 	C:\WINDOWS\SYSTEM32\profapi.dll
0x00007ffdd4b90000 - 0x00007ffdd4ba8000 	C:\Program Files\Java\jdk-16.0.1\bin\zip.dll
0x00007ffdd4bd0000 - 0x00007ffdd4be9000 	C:\Program Files\Java\jdk-16.0.1\bin\net.dll
0x00007ffddc100000 - 0x00007ffddc20a000 	C:\WINDOWS\SYSTEM32\WINHTTP.dll
0x00007ffde68a0000 - 0x00007ffde690a000 	C:\WINDOWS\system32\mswsock.dll
0x00007ffdd4bb0000 - 0x00007ffdd4bc3000 	C:\Program Files\Java\jdk-16.0.1\bin\nio.dll
0x00007ffdd4590000 - 0x00007ffdd45aa000 	C:\Program Files\JetBrains\IntelliJ IDEA 2021.1.2\bin\breakgen64.dll
0x00007ffddfc50000 - 0x00007ffddfc60000 	C:\Program Files\Java\jdk-16.0.1\bin\verify.dll
0x00007ffdd7bc0000 - 0x00007ffdd7bc9000 	C:\Program Files\Java\jdk-16.0.1\bin\management.dll
0x00007ffdd5390000 - 0x00007ffdd539b000 	C:\Program Files\Java\jdk-16.0.1\bin\management_ext.dll
0x00007ffdd4090000 - 0x00007ffdd40a7000 	C:\WINDOWS\system32\napinsp.dll
0x00007ffdd1990000 - 0x00007ffdd19ab000 	C:\WINDOWS\system32\pnrpnsp.dll
0x00007ffde16d0000 - 0x00007ffde16e5000 	C:\WINDOWS\system32\wshbth.dll
0x00007ffde2b20000 - 0x00007ffde2b3d000 	C:\WINDOWS\system32\NLAapi.dll
0x00007ffde6560000 - 0x00007ffde659b000 	C:\WINDOWS\SYSTEM32\IPHLPAPI.DLL
0x00007ffde65b0000 - 0x00007ffde667c000 	C:\WINDOWS\SYSTEM32\DNSAPI.dll
0x00007ffde8c30000 - 0x00007ffde8c38000 	C:\WINDOWS\System32\NSI.dll
0x00007ffdce5b0000 - 0x00007ffdce5c2000 	C:\WINDOWS\System32\winrnr.dll
0x00007ffdd8bc0000 - 0x00007ffdd8bca000 	C:\Windows\System32\rasadhlp.dll
0x00007ffdd8e00000 - 0x00007ffdd8e7f000 	C:\WINDOWS\System32\fwpuclnt.dll
0x00007ffde7400000 - 0x00007ffde7427000 	C:\WINDOWS\System32\bcrypt.dll
0x00007ffde6de0000 - 0x00007ffde6df8000 	C:\WINDOWS\SYSTEM32\CRYPTSP.dll
0x00007ffde61e0000 - 0x00007ffde6214000 	C:\WINDOWS\system32\rsaenh.dll
0x00007ffde7030000 - 0x00007ffde705e000 	C:\WINDOWS\SYSTEM32\USERENV.dll
0x00007ffde6a20000 - 0x00007ffde6a2c000 	C:\WINDOWS\SYSTEM32\CRYPTBASE.dll
0x00007ffddc780000 - 0x00007ffddc797000 	C:\WINDOWS\SYSTEM32\dhcpcsvc6.DLL
0x00007ffddc760000 - 0x00007ffddc77d000 	C:\WINDOWS\SYSTEM32\dhcpcsvc.DLL

dbghelp: loaded successfully - version: 4.0.5 - missing functions: none
symbol engine: initialized successfully - sym options: 0x614 - pdb path: .;C:\Program Files\Java\jdk-16.0.1\bin;C:\WINDOWS\SYSTEM32;C:\WINDOWS\WinSxS\amd64_microsoft.windows.common-controls_6595b64144ccf1df_6.0.19041.1110_none_60b5254171f9507e;C:\Program Files\Java\jdk-16.0.1\bin\server;C:\Program Files\JetBrains\IntelliJ IDEA 2021.1.2\bin

VM Arguments:
jvm_args: -ea -Didea.test.cyclic.buffer.size=1048576 -javaagent:C:\Program Files\JetBrains\IntelliJ IDEA 2021.1.2\lib\idea_rt.jar=2662:C:\Program Files\JetBrains\IntelliJ IDEA 2021.1.2\bin -Dfile.encoding=UTF-8 
java_command: com.intellij.rt.junit.JUnitStarter -ideVersion5 -junit5 bookings.RoomControllerRestIT
java_class_path (initial): C:\Program Files\JetBrains\IntelliJ IDEA 2021.1.2\lib\idea_rt.jar;C:\Users\Bereg Brand\.m2\repository\org\junit\platform\junit-platform-launcher\1.7.2\junit-platform-launcher-1.7.2.jar;C:\Program Files\JetBrains\IntelliJ IDEA 2021.1.2\plugins\junit\lib\junit5-rt.jar;C:\Program Files\JetBrains\IntelliJ IDEA 2021.1.2\plugins\junit\lib\junit-rt.jar;D:\bookings\target\test-classes;D:\bookings\target\classes;C:\Users\Bereg Brand\.m2\repository\org\springframework\boot\spring-boot-starter-data-jpa\2.5.3\spring-boot-starter-data-jpa-2.5.3.jar;C:\Users\Bereg Brand\.m2\repository\org\springframework\boot\spring-boot-starter-aop\2.5.3\spring-boot-starter-aop-2.5.3.jar;C:\Users\Bereg Brand\.m2\repository\org\springframework\spring-aop\5.3.9\spring-aop-5.3.9.jar;C:\Users\Bereg Brand\.m2\repository\org\aspectj\aspectjweaver\1.9.7\aspectjweaver-1.9.7.jar;C:\Users\Bereg Brand\.m2\repository\org\springframework\boot\spring-boot-starter-jdbc\2.5.3\spring-boot-starter-jdbc-2.5.3.jar;C:\Users\Bereg Brand\.m2\repository\com\zaxxer\HikariCP\4.0.3\HikariCP-4.0.3.jar;C:\Users\Bereg Brand\.m2\repository\org\springframework\spring-jdbc\5.3.9\spring-jdbc-5.3.9.jar;C:\Users\Bereg Brand\.m2\repository\jakarta\transaction\jakarta.transaction-api\1.3.3\jakarta.transaction-api-1.3.3.jar;C:\Users\Bereg Brand\.m2\repository\jakarta\persistence\jakarta.persistence-api\2.2.3\jakarta.persistence-api-2.2.3.jar;C:\Users\Bereg Brand\.m2\repository\org\hibernate\hibernate-core\5.4.32.Final\hibernate-core-5.4.32.Final.jar;C:\Users\Bereg Brand\.m2\repository\org\jboss\logging\jboss-logging\3.4.2.Final\jboss-logging-3.4.2.Final.jar;C:\Users\Bereg Brand\.m2\repository\org\javassist\javassist\3.27.0-GA\javassist-3.27.0-GA.jar;C:\Users\Bereg Brand\.m2\repository\net\bytebuddy\byte-buddy\1.10.22\byte-buddy-1.10.22.jar;C:\Users\Bereg Brand\.m2\repository\antlr\antlr\2.7.7\antlr-2.7.7.jar;C:\Users\Bereg Brand\.m2\repository\org\jboss\jandex\2.2.3.Final\jandex-2.2.3.Final.jar;C:\Users\B
Launcher Type: SUN_STANDARD

[Global flags]
     intx CICompilerCount                          = 3                                         {product} {ergonomic}
     uint ConcGCThreads                            = 1                                         {product} {ergonomic}
     uint G1ConcRefinementThreads                  = 4                                         {product} {ergonomic}
   size_t G1HeapRegionSize                         = 1048576                                   {product} {ergonomic}
    uintx GCDrainStackTargetSize                   = 64                                        {product} {ergonomic}
   size_t InitialHeapSize                          = 67108864                                  {product} {ergonomic}
   size_t MarkStackSize                            = 4194304                                   {product} {ergonomic}
   size_t MaxHeapSize                              = 1044381696                                {product} {ergonomic}
   size_t MaxNewSize                               = 625999872                                 {product} {ergonomic}
   size_t MinHeapDeltaBytes                        = 1048576                                   {product} {ergonomic}
   size_t MinHeapSize                              = 8388608                                   {product} {ergonomic}
    uintx NonNMethodCodeHeapSize                   = 5832780                                {pd product} {ergonomic}
    uintx NonProfiledCodeHeapSize                  = 122912730                              {pd product} {ergonomic}
    uintx ProfiledCodeHeapSize                     = 122912730                              {pd product} {ergonomic}
    uintx ReservedCodeCacheSize                    = 251658240                              {pd product} {ergonomic}
     bool SegmentedCodeCache                       = true                                      {product} {ergonomic}
   size_t SoftMaxHeapSize                          = 1044381696                             {manageable} {ergonomic}
     bool UseCompressedClassPointers               = true                           {product lp64_product} {ergonomic}
     bool UseCompressedOops                        = true                           {product lp64_product} {ergonomic}
     bool UseG1GC                                  = true                                      {product} {ergonomic}
     bool UseLargePagesIndividualAllocation        = false                                  {pd product} {ergonomic}

Logging:
Log output configuration:
 #0: stdout all=warning uptime,level,tags
 #1: stderr all=off uptime,level,tags

Environment Variables:
JAVA_HOME=C:\Program Files\Java\jdk-15.0.1
PATH=C:\Program Files\Common Files\Oracle\Java\javapath;C:\ProgramData\Oracle\Java\javapath;C:\WINDOWS\system32;C:\WINDOWS;C:\WINDOWS\System32\Wbem;C:\WINDOWS\System32\WindowsPowerShell\v1.0\;C:\Program Files (x86)\Windows Live\Shared;C:\WINDOWS\System32\OpenSSH\;C:\Program Files\Java\jdk-14.0.1\bin;C:\Program Files\Java\jdk-16.0.1\bin;C:\Program Files\Git\cmd;C:\Program Files\nodejs\;C:\Program Files\Docker\Docker\resources\bin;C:\ProgramData\DockerDesktop\version-bin;C:\Program Files\MySQL\MySQL Shell 8.0\bin\;C:\Program Files\Common Files\Oracle\Java\javapath;C:\WINDOWS\system32;C:\ProgramData\Oracle\Java\javapath;C:\WINDOWS;C:\WINDOWS\System32\Wbem;C:\WINDOWS\System32\WindowsPowerShell\v1.0\;C:\Program Files (x86)\Windows Live\Shared;C:\WINDOWS\System32\OpenSSH\;C:\Program Files\Java\jdk-14.0.1\bin;C:\Program Files\nodejs\;C:\Program Files\Git\cmd;C:\Program Files\Java\jdk-15.0.1\bin;D:\JAVA\apache-maven-3.6.3\bin;;C:\Users\Bereg Brand\AppData\Local\Microsoft\WindowsApps;C:\Program Files\JetBrains\IntelliJ IDEA Educational Edition 2021.1.1\bin;;C:\Program Files\JetBrains\IntelliJ IDEA 2021.1.2\bin;;C:\Users\Bereg Brand\AppData\Roaming\npm
USERNAME=Bereg Brand
OS=Windows_NT
PROCESSOR_IDENTIFIER=Intel64 Family 6 Model 55 Stepping 8, GenuineIntel



---------------  S Y S T E M  ---------------

OS:
 Windows 10 , 64 bit Build 19041 (10.0.19041.1023)
OS uptime: 0 days 1:36 hours
Hyper-V role detected

CPU: total 4 (initial active 4) (4 cores per cpu, 1 threads per core) family 6 model 55 stepping 8 microcode 0x838, cx8, cmov, fxsr, mmx, 3dnowpref, sse, sse2, sse3, ssse3, sse4.1, sse4.2, popcnt, tsc, tscinvbit, erms, clmul, clflush, hv

Memory: 4k page, system-wide physical 3982M (1357M free)
TotalPageFile size 8078M (AvailPageFile size 125M)
current process WorkingSet (physical memory assigned to process): 293M, peak: 293M
current process commit charge ("private bytes"): 351M, peak: 489M

vm_info: Java HotSpot(TM) 64-Bit Server VM (16.0.1+9-24) for windows-amd64 JRE (16.0.1+9-24), built on Mar 26 2021 19:31:42 by "mach5one" with MS VC++ 16.7 (VS2019)

END.
